\BOOKMARK [1][-]{section.0.1}{Preface}{}% 1
\BOOKMARK [1][-]{section.0.2}{Installation}{}% 2
\BOOKMARK [1][-]{section.0.3}{Solid mechanics}{}% 3
\BOOKMARK [2][-]{subsection.0.3.1}{Strong form}{section.0.3}% 4
\BOOKMARK [3][-]{subsubsection.0.3.1.1}{Displacement-based}{subsection.0.3.1}% 5
\BOOKMARK [3][-]{subsubsection.0.3.1.2}{Incompressible mechanics}{subsection.0.3.1}% 6
\BOOKMARK [2][-]{subsection.0.3.2}{Weak form}{section.0.3}% 7
\BOOKMARK [3][-]{subsubsection.0.3.2.1}{Displacement-based}{subsection.0.3.2}% 8
\BOOKMARK [3][-]{subsubsection.0.3.2.2}{Incompressible mechanics: 2-field displacement and pressure variables}{subsection.0.3.2}% 9
\BOOKMARK [1][-]{section.0.4}{Fluid mechanics}{}% 10
\BOOKMARK [2][-]{subsection.0.4.1}{Eulerian reference frame}{section.0.4}% 11
\BOOKMARK [3][-]{subsubsection.0.4.1.1}{Strong Form}{subsection.0.4.1}% 12
\BOOKMARK [3][-]{subsubsection.0.4.1.2}{Weak Form}{subsection.0.4.1}% 13
\BOOKMARK [3][-]{subsubsection.0.4.1.3}{Stabilization}{subsection.0.4.1}% 14
\BOOKMARK [2][-]{subsection.0.4.2}{ALE reference frame}{section.0.4}% 15
\BOOKMARK [3][-]{subsubsection.0.4.2.1}{ALE problem}{subsection.0.4.2}% 16
\BOOKMARK [3][-]{subsubsection.0.4.2.2}{Strong form}{subsection.0.4.2}% 17
\BOOKMARK [3][-]{subsubsection.0.4.2.3}{Weak form}{subsection.0.4.2}% 18
\BOOKMARK [3][-]{subsubsection.0.4.2.4}{Stabilization}{subsection.0.4.2}% 19
\BOOKMARK [1][-]{section.0.5}{0D flow: Lumped parameter models}{}% 20
\BOOKMARK [2][-]{subsection.0.5.1}{2-element Windkessel}{section.0.5}% 21
\BOOKMARK [2][-]{subsection.0.5.2}{4-element Windkessel \(inertance parallel to impedance\)}{section.0.5}% 22
\BOOKMARK [2][-]{subsection.0.5.3}{4-element Windkessel \(inertance serial to impedance\)}{section.0.5}% 23
\BOOKMARK [2][-]{subsection.0.5.4}{Systemic and pulmonary circulation}{section.0.5}% 24
\BOOKMARK [2][-]{subsection.0.5.5}{Systemic and pulmonary circulation, including capillary flow}{section.0.5}% 25
\BOOKMARK [2][-]{subsection.0.5.6}{Systemic and pulmonary circulation, including capillary and coronary flow}{section.0.5}% 26
\BOOKMARK [2][-]{subsection.0.5.7}{Systemic and pulmonary circulation, capillary flow, and respirory model}{section.0.5}% 27
\BOOKMARK [1][-]{section.0.6}{Multi-physics coupling}{}% 28
\BOOKMARK [2][-]{subsection.0.6.1}{Solid + 0D flow}{section.0.6}% 29
\BOOKMARK [2][-]{subsection.0.6.2}{Fluid + 0D flow}{section.0.6}% 30
\BOOKMARK [2][-]{subsection.0.6.3}{ALE fluid + 0D flow}{section.0.6}% 31
\BOOKMARK [2][-]{subsection.0.6.4}{Fluid-Solid Interaction \(FSI\)}{section.0.6}% 32
\BOOKMARK [2][-]{subsection.0.6.5}{Fluid-Solid Interaction \(FSI\) + 0D flow}{section.0.6}% 33
\BOOKMARK [1][-]{section.0.7}{Demos}{}% 34
\BOOKMARK [2][-]{subsection.0.7.1}{Solid}{section.0.7}% 35
\BOOKMARK [2][-]{subsection.0.7.2}{Fluid}{section.0.7}% 36
\BOOKMARK [2][-]{subsection.0.7.3}{0D flow}{section.0.7}% 37
\BOOKMARK [2][-]{subsection.0.7.4}{Solid + 0D flow}{section.0.7}% 38
\BOOKMARK [2][-]{subsection.0.7.5}{Fluid + 0D flow}{section.0.7}% 39
